  CalculatorRelease.cpp
  Perevod.cpp
  PokazRezultata.cpp
C:\Users\INFALOUS\source\repos\CalculatorRelease\CalculatorRelease\PokazRezultata.cpp(10,20): warning C4018: <: несоответствие типов со знаком и без знака
C:\Users\INFALOUS\source\repos\CalculatorRelease\CalculatorRelease\PokazRezultata.cpp(13,40): warning C4554: "&": проверьте приоритет операторов на ошибки; для уточнения приоритета используйте скобки
C:\Users\INFALOUS\source\repos\CalculatorRelease\CalculatorRelease\PokazRezultata.cpp(14,20): warning C4018: <: несоответствие типов со знаком и без знака
  ProverkaNaBolshe.cpp
C:\Users\INFALOUS\source\repos\CalculatorRelease\CalculatorRelease\ProverkaNaBolshe.cpp(13,20): warning C4018: <: несоответствие типов со знаком и без знака
  ProverkaOperand.cpp
C:\Users\INFALOUS\source\repos\CalculatorRelease\CalculatorRelease\ProverkaOperand.cpp(10,20): warning C4018: <: несоответствие типов со знаком и без знака
  ProverkaStroki.cpp
C:\Users\INFALOUS\source\repos\CalculatorRelease\CalculatorRelease\ProverkaStroki.cpp(11,20): warning C4018: <: несоответствие типов со знаком и без знака
  Summa.cpp
  Vichitanie.cpp
C:\Users\INFALOUS\source\repos\CalculatorRelease\CalculatorRelease\Vichitanie.cpp(49,21): warning C4018: <: несоответствие типов со знаком и без знака
  Vstuplenie.cpp
  Zapolnenie.cpp
C:\Users\INFALOUS\source\repos\CalculatorRelease\CalculatorRelease\Zapolnenie.cpp(12,34): warning C4018: <: несоответствие типов со знаком и без знака
  Создание кода...
C:\Users\INFALOUS\source\repos\CalculatorRelease\CalculatorRelease\ProverkaStroki.cpp(24): warning C4715: ProverkaStroki: значение возвращается не при всех путях выполнения
C:\Users\INFALOUS\source\repos\CalculatorRelease\CalculatorRelease\ProverkaOperand.cpp(18): warning C4715: ProverkaOperand: значение возвращается не при всех путях выполнения
C:\Users\INFALOUS\source\repos\CalculatorRelease\CalculatorRelease\ProverkaNaBolshe.cpp(19): warning C4715: ProverkaNaBolshe: значение возвращается не при всех путях выполнения
  CalculatorRelease.vcxproj -> C:\Users\INFALOUS\source\repos\CalculatorRelease\Debug\CalculatorRelease.exe
